<?xml version="1.0" encoding="UTF-8"?>
<!-- Generated by org.testng.reporters.JUnitReportReporter -->
<testsuite hostname="shreerajeevi" name="seleniumframe.DressPageTest" tests="1" failures="0" timestamp="25 Apr 2020 11:28:18 GMT" time="5.538" errors="0">
  <testcase name="verify" time="5.538" classname="seleniumframe.DressPageTest"/>
</testsuite> <!-- seleniumframe.DressPageTest -->
