<?xml version="1.0" encoding="UTF-8"?>
<!-- Generated by org.testng.reporters.JUnitReportReporter -->
<testsuite hostname="shreerajeevi" name="seleniumframe.HomePageTest" tests="1" failures="0" timestamp="25 Apr 2020 11:21:19 GMT" time="4.381" errors="0">
  <testcase name="verify" time="4.381" classname="seleniumframe.HomePageTest"/>
</testsuite> <!-- seleniumframe.HomePageTest -->
