<?xml version="1.0" encoding="UTF-8"?>
<!-- Generated by org.testng.reporters.JUnitReportReporter -->
<testsuite hostname="shreerajeevi" name="seleniumframe.annot" tests="3" failures="0" timestamp="8 May 2020 13:49:28 GMT" time="52.066" errors="0">
  <testcase name="verifylogin" time="19.962" classname="seleniumframe.annot"/>
  <testcase name="verifylogin" time="15.742" classname="seleniumframe.annot"/>
  <testcase name="verifylogin" time="16.362" classname="seleniumframe.annot"/>
</testsuite> <!-- seleniumframe.annot -->
