<?xml version="1.0" encoding="UTF-8"?>
<!-- Generated by org.testng.reporters.JUnitReportReporter -->
<testsuite hostname="shreerajeevi" name="seleniumframe.Shiva" tests="1" failures="0" timestamp="8 May 2020 14:28:32 GMT" time="22.796" errors="0">
  <testcase name="verifylogin" time="22.796" classname="seleniumframe.Shiva"/>
</testsuite> <!-- seleniumframe.Shiva -->
