<?xml version="1.0" encoding="UTF-8"?>
<!-- Generated by org.testng.reporters.JUnitReportReporter -->
<testsuite hostname="shreerajeevi" name="seleniumframe.Tshirttestpage" tests="1" failures="0" timestamp="25 Apr 2020 11:32:33 GMT" time="3.649" errors="0">
  <testcase name="verify" time="3.649" classname="seleniumframe.Tshirttestpage"/>
</testsuite> <!-- seleniumframe.Tshirttestpage -->
