<?xml version="1.0" encoding="UTF-8"?>
<!-- Generated by org.testng.reporters.JUnitReportReporter -->
<testsuite hostname="shreerajeevi" name="seleniumframe.Shiva" tests="1" failures="0" timestamp="9 May 2020 11:43:21 GMT" time="28.761" errors="0">
  <testcase name="verifylogin" time="28.761" classname="seleniumframe.Shiva"/>
</testsuite> <!-- seleniumframe.Shiva -->
